This file contains any messages produced by compilers while
running configure, to aid debugging if configure makes a mistake.

It was created by configure, which was
generated by GNU Autoconf 2.59.  Invocation command line was

  $ ./configure 

## --------- ##
## Platform. ##
## --------- ##

hostname = biostat028
uname -m = i686
uname -r = 2.6.10-1-k7
uname -s = Linux
uname -v = #1 Tue Jan 18 04:03:27 EST 2005

/usr/bin/uname -p = unknown
/bin/uname -X     = unknown

/bin/arch              = i686
/usr/bin/arch -k       = unknown
/usr/convex/getsysinfo = unknown
hostinfo               = unknown
/bin/machine           = unknown
/usr/bin/oslevel       = unknown
/bin/universe          = unknown

PATH: /home/hornerj/bin
PATH: /usr/local/bin
PATH: /usr/bin
PATH: /bin
PATH: /usr/bin/X11
PATH: /usr/games
PATH: /usr/java/j2sdk1.4.2_04/bin


## ----------- ##
## Core tests. ##
## ----------- ##

configure:1334: checking for a BSD-compatible install
configure:1389: result: /usr/bin/install -c
configure:1400: checking whether build environment is sane
configure:1443: result: yes
configure:1458: checking whether make sets $(MAKE)
configure:1478: result: yes
configure:1510: checking for working aclocal
configure:1517: result: found
configure:1525: checking for working autoconf
configure:1532: result: found
configure:1540: checking for working automake
configure:1547: result: found
configure:1555: checking for working autoheader
configure:1562: result: found
configure:1570: checking for working makeinfo
configure:1577: result: found
configure:1604: checking build system type
configure:1622: result: i686-pc-linux-gnu
configure:1630: checking host system type
configure:1644: result: i686-pc-linux-gnu
configure:1666: checking for a BSD-compatible install
configure:1721: result: /usr/bin/install -c
configure:1778: checking for gcc
configure:1794: found /usr/bin/gcc
configure:1804: result: gcc
configure:2048: checking for C compiler version
configure:2051: gcc --version </dev/null >&5
gcc (GCC) 3.3.6 (Debian 1:3.3.6-13)
Copyright (C) 2003 Free Software Foundation, Inc.
This is free software; see the source for copying conditions.  There is NO
warranty; not even for MERCHANTABILITY or FITNESS FOR A PARTICULAR PURPOSE.

configure:2054: $? = 0
configure:2056: gcc -v </dev/null >&5
Reading specs from /usr/lib/gcc-lib/i486-linux-gnu/3.3.6/specs
Configured with: ../src/configure -v --enable-languages=c,c++ --prefix=/usr --mandir=/usr/share/man --infodir=/usr/share/info --with-gxx-include-dir=/usr/include/c++/3.3 --enable-shared --enable-__cxa_atexit --with-system-zlib --enable-nls --without-included-gettext --enable-clocale=gnu --enable-debug i486-linux-gnu
Thread model: posix
gcc version 3.3.6 (Debian 1:3.3.6-13)
configure:2059: $? = 0
configure:2061: gcc -V </dev/null >&5
gcc: `-V' option must have argument
configure:2064: $? = 1
configure:2087: checking for C compiler default output file name
configure:2090: gcc    conftest.c  >&5
configure:2093: $? = 0
configure:2139: result: a.out
configure:2144: checking whether the C compiler works
configure:2150: ./a.out
configure:2153: $? = 0
configure:2170: result: yes
configure:2177: checking whether we are cross compiling
configure:2179: result: no
configure:2182: checking for suffix of executables
configure:2184: gcc -o conftest    conftest.c  >&5
configure:2187: $? = 0
configure:2212: result: 
configure:2218: checking for suffix of object files
configure:2239: gcc -c   conftest.c >&5
configure:2242: $? = 0
configure:2264: result: o
configure:2268: checking whether we are using the GNU C compiler
configure:2292: gcc -c   conftest.c >&5
configure:2298: $? = 0
configure:2301: test -z 			 || test ! -s conftest.err
configure:2304: $? = 0
configure:2307: test -s conftest.o
configure:2310: $? = 0
configure:2323: result: yes
configure:2329: checking whether gcc accepts -g
configure:2350: gcc -c -g  conftest.c >&5
configure:2356: $? = 0
configure:2359: test -z 			 || test ! -s conftest.err
configure:2362: $? = 0
configure:2365: test -s conftest.o
configure:2368: $? = 0
configure:2379: result: yes
configure:2396: checking for gcc option to accept ANSI C
configure:2466: gcc  -c -g -O2  conftest.c >&5
configure:2472: $? = 0
configure:2475: test -z 			 || test ! -s conftest.err
configure:2478: $? = 0
configure:2481: test -s conftest.o
configure:2484: $? = 0
configure:2502: result: none needed
configure:2520: gcc -c -g -O2  conftest.c >&5
conftest.c:2: error: syntax error before "me"
configure:2526: $? = 1
configure: failed program was:
| #ifndef __cplusplus
|   choke me
| #endif
configure:2664: checking how to run the C preprocessor
configure:2699: gcc -E  conftest.c
configure:2705: $? = 0
configure:2737: gcc -E  conftest.c
conftest.c:11:28: ac_nonexistent.h: No such file or directory
configure:2743: $? = 1
configure: failed program was:
| /* confdefs.h.  */
| 
| #define PACKAGE_NAME ""
| #define PACKAGE_TARNAME ""
| #define PACKAGE_VERSION ""
| #define PACKAGE_STRING ""
| #define PACKAGE_BUGREPORT ""
| #define PACKAGE "rinterp"
| #define VERSION "0.1.0"
| /* end confdefs.h.  */
| #include <ac_nonexistent.h>
configure:2782: result: gcc -E
configure:2806: gcc -E  conftest.c
configure:2812: $? = 0
configure:2844: gcc -E  conftest.c
conftest.c:11:28: ac_nonexistent.h: No such file or directory
configure:2850: $? = 1
configure: failed program was:
| /* confdefs.h.  */
| 
| #define PACKAGE_NAME ""
| #define PACKAGE_TARNAME ""
| #define PACKAGE_VERSION ""
| #define PACKAGE_STRING ""
| #define PACKAGE_BUGREPORT ""
| #define PACKAGE "rinterp"
| #define VERSION "0.1.0"
| /* end confdefs.h.  */
| #include <ac_nonexistent.h>
configure:2894: checking for egrep
configure:2904: result: grep -E
configure:2909: checking for ANSI C header files
configure:2934: gcc -c -g -O2  conftest.c >&5
configure:2940: $? = 0
configure:2943: test -z 			 || test ! -s conftest.err
configure:2946: $? = 0
configure:2949: test -s conftest.o
configure:2952: $? = 0
configure:3038: gcc -o conftest -g -O2   conftest.c  >&5
configure:3041: $? = 0
configure:3043: ./conftest
configure:3046: $? = 0
configure:3061: result: yes
configure:3085: checking for sys/types.h
configure:3101: gcc -c -g -O2  conftest.c >&5
configure:3107: $? = 0
configure:3110: test -z 			 || test ! -s conftest.err
configure:3113: $? = 0
configure:3116: test -s conftest.o
configure:3119: $? = 0
configure:3130: result: yes
configure:3085: checking for sys/stat.h
configure:3101: gcc -c -g -O2  conftest.c >&5
configure:3107: $? = 0
configure:3110: test -z 			 || test ! -s conftest.err
configure:3113: $? = 0
configure:3116: test -s conftest.o
configure:3119: $? = 0
configure:3130: result: yes
configure:3085: checking for stdlib.h
configure:3101: gcc -c -g -O2  conftest.c >&5
configure:3107: $? = 0
configure:3110: test -z 			 || test ! -s conftest.err
configure:3113: $? = 0
configure:3116: test -s conftest.o
configure:3119: $? = 0
configure:3130: result: yes
configure:3085: checking for string.h
configure:3101: gcc -c -g -O2  conftest.c >&5
configure:3107: $? = 0
configure:3110: test -z 			 || test ! -s conftest.err
configure:3113: $? = 0
configure:3116: test -s conftest.o
configure:3119: $? = 0
configure:3130: result: yes
configure:3085: checking for memory.h
configure:3101: gcc -c -g -O2  conftest.c >&5
configure:3107: $? = 0
configure:3110: test -z 			 || test ! -s conftest.err
configure:3113: $? = 0
configure:3116: test -s conftest.o
configure:3119: $? = 0
configure:3130: result: yes
configure:3085: checking for strings.h
configure:3101: gcc -c -g -O2  conftest.c >&5
configure:3107: $? = 0
configure:3110: test -z 			 || test ! -s conftest.err
configure:3113: $? = 0
configure:3116: test -s conftest.o
configure:3119: $? = 0
configure:3130: result: yes
configure:3085: checking for inttypes.h
configure:3101: gcc -c -g -O2  conftest.c >&5
configure:3107: $? = 0
configure:3110: test -z 			 || test ! -s conftest.err
configure:3113: $? = 0
configure:3116: test -s conftest.o
configure:3119: $? = 0
configure:3130: result: yes
configure:3085: checking for stdint.h
configure:3101: gcc -c -g -O2  conftest.c >&5
configure:3107: $? = 0
configure:3110: test -z 			 || test ! -s conftest.err
configure:3113: $? = 0
configure:3116: test -s conftest.o
configure:3119: $? = 0
configure:3130: result: yes
configure:3085: checking for unistd.h
configure:3101: gcc -c -g -O2  conftest.c >&5
configure:3107: $? = 0
configure:3110: test -z 			 || test ! -s conftest.err
configure:3113: $? = 0
configure:3116: test -s conftest.o
configure:3119: $? = 0
configure:3130: result: yes
configure:3160: checking for unistd.h
configure:3165: result: yes
configure:3169: checking sys/param.h usability
configure:3181: gcc -c -g -O2  conftest.c >&5
configure:3187: $? = 0
configure:3190: test -z 			 || test ! -s conftest.err
configure:3193: $? = 0
configure:3196: test -s conftest.o
configure:3199: $? = 0
configure:3209: result: yes
configure:3213: checking sys/param.h presence
configure:3223: gcc -E  conftest.c
configure:3229: $? = 0
configure:3249: result: yes
configure:3284: checking for sys/param.h
configure:3291: result: yes
configure:3169: checking sys/time.h usability
configure:3181: gcc -c -g -O2  conftest.c >&5
configure:3187: $? = 0
configure:3190: test -z 			 || test ! -s conftest.err
configure:3193: $? = 0
configure:3196: test -s conftest.o
configure:3199: $? = 0
configure:3209: result: yes
configure:3213: checking sys/time.h presence
configure:3223: gcc -E  conftest.c
configure:3229: $? = 0
configure:3249: result: yes
configure:3284: checking for sys/time.h
configure:3291: result: yes
configure:3169: checking time.h usability
configure:3181: gcc -c -g -O2  conftest.c >&5
configure:3187: $? = 0
configure:3190: test -z 			 || test ! -s conftest.err
configure:3193: $? = 0
configure:3196: test -s conftest.o
configure:3199: $? = 0
configure:3209: result: yes
configure:3213: checking time.h presence
configure:3223: gcc -E  conftest.c
configure:3229: $? = 0
configure:3249: result: yes
configure:3284: checking for time.h
configure:3291: result: yes
configure:3169: checking sys/mkdev.h usability
configure:3181: gcc -c -g -O2  conftest.c >&5
conftest.c:59:23: sys/mkdev.h: No such file or directory
configure:3187: $? = 1
configure: failed program was:
| /* confdefs.h.  */
| 
| #define PACKAGE_NAME ""
| #define PACKAGE_TARNAME ""
| #define PACKAGE_VERSION ""
| #define PACKAGE_STRING ""
| #define PACKAGE_BUGREPORT ""
| #define PACKAGE "rinterp"
| #define VERSION "0.1.0"
| #define STDC_HEADERS 1
| #define HAVE_SYS_TYPES_H 1
| #define HAVE_SYS_STAT_H 1
| #define HAVE_STDLIB_H 1
| #define HAVE_STRING_H 1
| #define HAVE_MEMORY_H 1
| #define HAVE_STRINGS_H 1
| #define HAVE_INTTYPES_H 1
| #define HAVE_STDINT_H 1
| #define HAVE_UNISTD_H 1
| #define HAVE_UNISTD_H 1
| #define HAVE_SYS_PARAM_H 1
| #define HAVE_SYS_TIME_H 1
| #define HAVE_TIME_H 1
| /* end confdefs.h.  */
| #include <stdio.h>
| #if HAVE_SYS_TYPES_H
| # include <sys/types.h>
| #endif
| #if HAVE_SYS_STAT_H
| # include <sys/stat.h>
| #endif
| #if STDC_HEADERS
| # include <stdlib.h>
| # include <stddef.h>
| #else
| # if HAVE_STDLIB_H
| #  include <stdlib.h>
| # endif
| #endif
| #if HAVE_STRING_H
| # if !STDC_HEADERS && HAVE_MEMORY_H
| #  include <memory.h>
| # endif
| # include <string.h>
| #endif
| #if HAVE_STRINGS_H
| # include <strings.h>
| #endif
| #if HAVE_INTTYPES_H
| # include <inttypes.h>
| #else
| # if HAVE_STDINT_H
| #  include <stdint.h>
| # endif
| #endif
| #if HAVE_UNISTD_H
| # include <unistd.h>
| #endif
| #include <sys/mkdev.h>
configure:3209: result: no
configure:3213: checking sys/mkdev.h presence
configure:3223: gcc -E  conftest.c
conftest.c:25:23: sys/mkdev.h: No such file or directory
configure:3229: $? = 1
configure: failed program was:
| /* confdefs.h.  */
| 
| #define PACKAGE_NAME ""
| #define PACKAGE_TARNAME ""
| #define PACKAGE_VERSION ""
| #define PACKAGE_STRING ""
| #define PACKAGE_BUGREPORT ""
| #define PACKAGE "rinterp"
| #define VERSION "0.1.0"
| #define STDC_HEADERS 1
| #define HAVE_SYS_TYPES_H 1
| #define HAVE_SYS_STAT_H 1
| #define HAVE_STDLIB_H 1
| #define HAVE_STRING_H 1
| #define HAVE_MEMORY_H 1
| #define HAVE_STRINGS_H 1
| #define HAVE_INTTYPES_H 1
| #define HAVE_STDINT_H 1
| #define HAVE_UNISTD_H 1
| #define HAVE_UNISTD_H 1
| #define HAVE_SYS_PARAM_H 1
| #define HAVE_SYS_TIME_H 1
| #define HAVE_TIME_H 1
| /* end confdefs.h.  */
| #include <sys/mkdev.h>
configure:3249: result: no
configure:3284: checking for sys/mkdev.h
configure:3291: result: no
configure:3169: checking sys/sysmacros.h usability
configure:3181: gcc -c -g -O2  conftest.c >&5
configure:3187: $? = 0
configure:3190: test -z 			 || test ! -s conftest.err
configure:3193: $? = 0
configure:3196: test -s conftest.o
configure:3199: $? = 0
configure:3209: result: yes
configure:3213: checking sys/sysmacros.h presence
configure:3223: gcc -E  conftest.c
configure:3229: $? = 0
configure:3249: result: yes
configure:3284: checking for sys/sysmacros.h
configure:3291: result: yes
configure:3160: checking for string.h
configure:3165: result: yes
configure:3160: checking for memory.h
configure:3165: result: yes
configure:3169: checking fcntl.h usability
configure:3181: gcc -c -g -O2  conftest.c >&5
configure:3187: $? = 0
configure:3190: test -z 			 || test ! -s conftest.err
configure:3193: $? = 0
configure:3196: test -s conftest.o
configure:3199: $? = 0
configure:3209: result: yes
configure:3213: checking fcntl.h presence
configure:3223: gcc -E  conftest.c
configure:3229: $? = 0
configure:3249: result: yes
configure:3284: checking for fcntl.h
configure:3291: result: yes
configure:3169: checking dirent.h usability
configure:3181: gcc -c -g -O2  conftest.c >&5
configure:3187: $? = 0
configure:3190: test -z 			 || test ! -s conftest.err
configure:3193: $? = 0
configure:3196: test -s conftest.o
configure:3199: $? = 0
configure:3209: result: yes
configure:3213: checking dirent.h presence
configure:3223: gcc -E  conftest.c
configure:3229: $? = 0
configure:3249: result: yes
configure:3284: checking for dirent.h
configure:3291: result: yes
configure:3169: checking sys/ndir.h usability
configure:3181: gcc -c -g -O2  conftest.c >&5
conftest.c:64:22: sys/ndir.h: No such file or directory
configure:3187: $? = 1
configure: failed program was:
| /* confdefs.h.  */
| 
| #define PACKAGE_NAME ""
| #define PACKAGE_TARNAME ""
| #define PACKAGE_VERSION ""
| #define PACKAGE_STRING ""
| #define PACKAGE_BUGREPORT ""
| #define PACKAGE "rinterp"
| #define VERSION "0.1.0"
| #define STDC_HEADERS 1
| #define HAVE_SYS_TYPES_H 1
| #define HAVE_SYS_STAT_H 1
| #define HAVE_STDLIB_H 1
| #define HAVE_STRING_H 1
| #define HAVE_MEMORY_H 1
| #define HAVE_STRINGS_H 1
| #define HAVE_INTTYPES_H 1
| #define HAVE_STDINT_H 1
| #define HAVE_UNISTD_H 1
| #define HAVE_UNISTD_H 1
| #define HAVE_SYS_PARAM_H 1
| #define HAVE_SYS_TIME_H 1
| #define HAVE_TIME_H 1
| #define HAVE_SYS_SYSMACROS_H 1
| #define HAVE_STRING_H 1
| #define HAVE_MEMORY_H 1
| #define HAVE_FCNTL_H 1
| #define HAVE_DIRENT_H 1
| /* end confdefs.h.  */
| #include <stdio.h>
| #if HAVE_SYS_TYPES_H
| # include <sys/types.h>
| #endif
| #if HAVE_SYS_STAT_H
| # include <sys/stat.h>
| #endif
| #if STDC_HEADERS
| # include <stdlib.h>
| # include <stddef.h>
| #else
| # if HAVE_STDLIB_H
| #  include <stdlib.h>
| # endif
| #endif
| #if HAVE_STRING_H
| # if !STDC_HEADERS && HAVE_MEMORY_H
| #  include <memory.h>
| # endif
| # include <string.h>
| #endif
| #if HAVE_STRINGS_H
| # include <strings.h>
| #endif
| #if HAVE_INTTYPES_H
| # include <inttypes.h>
| #else
| # if HAVE_STDINT_H
| #  include <stdint.h>
| # endif
| #endif
| #if HAVE_UNISTD_H
| # include <unistd.h>
| #endif
| #include <sys/ndir.h>
configure:3209: result: no
configure:3213: checking sys/ndir.h presence
configure:3223: gcc -E  conftest.c
conftest.c:30:22: sys/ndir.h: No such file or directory
configure:3229: $? = 1
configure: failed program was:
| /* confdefs.h.  */
| 
| #define PACKAGE_NAME ""
| #define PACKAGE_TARNAME ""
| #define PACKAGE_VERSION ""
| #define PACKAGE_STRING ""
| #define PACKAGE_BUGREPORT ""
| #define PACKAGE "rinterp"
| #define VERSION "0.1.0"
| #define STDC_HEADERS 1
| #define HAVE_SYS_TYPES_H 1
| #define HAVE_SYS_STAT_H 1
| #define HAVE_STDLIB_H 1
| #define HAVE_STRING_H 1
| #define HAVE_MEMORY_H 1
| #define HAVE_STRINGS_H 1
| #define HAVE_INTTYPES_H 1
| #define HAVE_STDINT_H 1
| #define HAVE_UNISTD_H 1
| #define HAVE_UNISTD_H 1
| #define HAVE_SYS_PARAM_H 1
| #define HAVE_SYS_TIME_H 1
| #define HAVE_TIME_H 1
| #define HAVE_SYS_SYSMACROS_H 1
| #define HAVE_STRING_H 1
| #define HAVE_MEMORY_H 1
| #define HAVE_FCNTL_H 1
| #define HAVE_DIRENT_H 1
| /* end confdefs.h.  */
| #include <sys/ndir.h>
configure:3249: result: no
configure:3284: checking for sys/ndir.h
configure:3291: result: no
configure:3169: checking ndir.h usability
configure:3181: gcc -c -g -O2  conftest.c >&5
conftest.c:64:18: ndir.h: No such file or directory
configure:3187: $? = 1
configure: failed program was:
| /* confdefs.h.  */
| 
| #define PACKAGE_NAME ""
| #define PACKAGE_TARNAME ""
| #define PACKAGE_VERSION ""
| #define PACKAGE_STRING ""
| #define PACKAGE_BUGREPORT ""
| #define PACKAGE "rinterp"
| #define VERSION "0.1.0"
| #define STDC_HEADERS 1
| #define HAVE_SYS_TYPES_H 1
| #define HAVE_SYS_STAT_H 1
| #define HAVE_STDLIB_H 1
| #define HAVE_STRING_H 1
| #define HAVE_MEMORY_H 1
| #define HAVE_STRINGS_H 1
| #define HAVE_INTTYPES_H 1
| #define HAVE_STDINT_H 1
| #define HAVE_UNISTD_H 1
| #define HAVE_UNISTD_H 1
| #define HAVE_SYS_PARAM_H 1
| #define HAVE_SYS_TIME_H 1
| #define HAVE_TIME_H 1
| #define HAVE_SYS_SYSMACROS_H 1
| #define HAVE_STRING_H 1
| #define HAVE_MEMORY_H 1
| #define HAVE_FCNTL_H 1
| #define HAVE_DIRENT_H 1
| /* end confdefs.h.  */
| #include <stdio.h>
| #if HAVE_SYS_TYPES_H
| # include <sys/types.h>
| #endif
| #if HAVE_SYS_STAT_H
| # include <sys/stat.h>
| #endif
| #if STDC_HEADERS
| # include <stdlib.h>
| # include <stddef.h>
| #else
| # if HAVE_STDLIB_H
| #  include <stdlib.h>
| # endif
| #endif
| #if HAVE_STRING_H
| # if !STDC_HEADERS && HAVE_MEMORY_H
| #  include <memory.h>
| # endif
| # include <string.h>
| #endif
| #if HAVE_STRINGS_H
| # include <strings.h>
| #endif
| #if HAVE_INTTYPES_H
| # include <inttypes.h>
| #else
| # if HAVE_STDINT_H
| #  include <stdint.h>
| # endif
| #endif
| #if HAVE_UNISTD_H
| # include <unistd.h>
| #endif
| #include <ndir.h>
configure:3209: result: no
configure:3213: checking ndir.h presence
configure:3223: gcc -E  conftest.c
conftest.c:30:18: ndir.h: No such file or directory
configure:3229: $? = 1
configure: failed program was:
| /* confdefs.h.  */
| 
| #define PACKAGE_NAME ""
| #define PACKAGE_TARNAME ""
| #define PACKAGE_VERSION ""
| #define PACKAGE_STRING ""
| #define PACKAGE_BUGREPORT ""
| #define PACKAGE "rinterp"
| #define VERSION "0.1.0"
| #define STDC_HEADERS 1
| #define HAVE_SYS_TYPES_H 1
| #define HAVE_SYS_STAT_H 1
| #define HAVE_STDLIB_H 1
| #define HAVE_STRING_H 1
| #define HAVE_MEMORY_H 1
| #define HAVE_STRINGS_H 1
| #define HAVE_INTTYPES_H 1
| #define HAVE_STDINT_H 1
| #define HAVE_UNISTD_H 1
| #define HAVE_UNISTD_H 1
| #define HAVE_SYS_PARAM_H 1
| #define HAVE_SYS_TIME_H 1
| #define HAVE_TIME_H 1
| #define HAVE_SYS_SYSMACROS_H 1
| #define HAVE_STRING_H 1
| #define HAVE_MEMORY_H 1
| #define HAVE_FCNTL_H 1
| #define HAVE_DIRENT_H 1
| /* end confdefs.h.  */
| #include <ndir.h>
configure:3249: result: no
configure:3284: checking for ndir.h
configure:3291: result: no
configure:3169: checking alloca.h usability
configure:3181: gcc -c -g -O2  conftest.c >&5
configure:3187: $? = 0
configure:3190: test -z 			 || test ! -s conftest.err
configure:3193: $? = 0
configure:3196: test -s conftest.o
configure:3199: $? = 0
configure:3209: result: yes
configure:3213: checking alloca.h presence
configure:3223: gcc -E  conftest.c
configure:3229: $? = 0
configure:3249: result: yes
configure:3284: checking for alloca.h
configure:3291: result: yes
configure:3169: checking locale.h usability
configure:3181: gcc -c -g -O2  conftest.c >&5
configure:3187: $? = 0
configure:3190: test -z 			 || test ! -s conftest.err
configure:3193: $? = 0
configure:3196: test -s conftest.o
configure:3199: $? = 0
configure:3209: result: yes
configure:3213: checking locale.h presence
configure:3223: gcc -E  conftest.c
configure:3229: $? = 0
configure:3249: result: yes
configure:3284: checking for locale.h
configure:3291: result: yes
configure:3306: checking whether time.h and sys/time.h may both be included
configure:3331: gcc -c -g -O2  conftest.c >&5
configure:3337: $? = 0
configure:3340: test -z 			 || test ! -s conftest.err
configure:3343: $? = 0
configure:3346: test -s conftest.o
configure:3349: $? = 0
configure:3360: result: yes
configure:3385: checking utime.h usability
configure:3397: gcc -c -g -O2  conftest.c >&5
configure:3403: $? = 0
configure:3406: test -z 			 || test ! -s conftest.err
configure:3409: $? = 0
configure:3412: test -s conftest.o
configure:3415: $? = 0
configure:3425: result: yes
configure:3429: checking utime.h presence
configure:3439: gcc -E  conftest.c
configure:3445: $? = 0
configure:3465: result: yes
configure:3500: checking for utime.h
configure:3507: result: yes
configure:3521: checking for struct utimbuf
configure:3556: gcc -c -g -O2  conftest.c >&5
configure:3562: $? = 0
configure:3565: test -z 			 || test ! -s conftest.err
configure:3568: $? = 0
configure:3571: test -s conftest.o
configure:3574: $? = 0
configure:3586: result: yes
configure:3597: checking whether sys/types.h defines makedev
configure:3618: gcc -o conftest -g -O2   conftest.c  >&5
configure:3624: $? = 0
configure:3627: test -z 			 || test ! -s conftest.err
configure:3630: $? = 0
configure:3633: test -s conftest
configure:3636: $? = 0
configure:3649: result: yes
configure:3950: checking for working alloca.h
configure:3971: gcc -o conftest -g -O2   conftest.c  >&5
configure:3977: $? = 0
configure:3980: test -z 			 || test ! -s conftest.err
configure:3983: $? = 0
configure:3986: test -s conftest
configure:3989: $? = 0
configure:4001: result: yes
configure:4011: checking for alloca
configure:4052: gcc -o conftest -g -O2   conftest.c  >&5
configure:4058: $? = 0
configure:4061: test -z 			 || test ! -s conftest.err
configure:4064: $? = 0
configure:4067: test -s conftest
configure:4070: $? = 0
configure:4082: result: yes
configure:4304: checking whether struct tm is in sys/time.h or time.h
configure:4327: gcc -c -g -O2  conftest.c >&5
configure:4333: $? = 0
configure:4336: test -z 			 || test ! -s conftest.err
configure:4339: $? = 0
configure:4342: test -s conftest.o
configure:4345: $? = 0
configure:4356: result: time.h
configure:4366: checking for struct stat.st_blocks
configure:4389: gcc -c -g -O2  conftest.c >&5
configure:4395: $? = 0
configure:4398: test -z 			 || test ! -s conftest.err
configure:4401: $? = 0
configure:4404: test -s conftest.o
configure:4407: $? = 0
configure:4463: result: yes
configure:4496: checking for dirent.h that defines DIR
configure:4520: gcc -c -g -O2  conftest.c >&5
configure:4526: $? = 0
configure:4529: test -z 			 || test ! -s conftest.err
configure:4532: $? = 0
configure:4535: test -s conftest.o
configure:4538: $? = 0
configure:4549: result: yes
configure:4562: checking for library containing opendir
configure:4592: gcc -o conftest -g -O2   conftest.c  >&5
configure:4598: $? = 0
configure:4601: test -z 			 || test ! -s conftest.err
configure:4604: $? = 0
configure:4607: test -s conftest
configure:4610: $? = 0
configure:4679: result: none required
configure:4813: checking whether closedir returns void
configure:4842: gcc -o conftest -g -O2   conftest.c  >&5
configure:4845: $? = 0
configure:4847: ./conftest
configure:4850: $? = 0
configure:4864: result: no
configure:4874: checking for setenv
configure:4931: gcc -o conftest -g -O2   conftest.c  >&5
configure:4937: $? = 0
configure:4940: test -z 			 || test ! -s conftest.err
configure:4943: $? = 0
configure:4946: test -s conftest
configure:4949: $? = 0
configure:4961: result: yes
configure:4977: checking for R
configure:4995: found /usr/bin/R
configure:5007: result: /usr/bin/R
configure:5018: checking for R Program
configure:5024: result: shared library version of R found
configure:5136: creating ./config.status

## ---------------------- ##
## Running config.status. ##
## ---------------------- ##

This file was extended by config.status, which was
generated by GNU Autoconf 2.59.  Invocation command line was

  CONFIG_FILES    = 
  CONFIG_HEADERS  = 
  CONFIG_LINKS    = 
  CONFIG_COMMANDS = 
  $ ./config.status 

on biostat028

config.status:723: creating Makefile
config.status:723: creating rinterp.h
config.status:723: creating rinterp.lsm
config.status:723: creating rinterp.spec
config.status:789: creating config.h
config.status:1091: executing default-1 commands

## ---------------- ##
## Cache variables. ##
## ---------------- ##

ac_cv_build=i686-pc-linux-gnu
ac_cv_build_alias=i686-pc-linux-gnu
ac_cv_c_compiler_gnu=yes
ac_cv_env_CC_set=
ac_cv_env_CC_value=
ac_cv_env_CFLAGS_set=
ac_cv_env_CFLAGS_value=
ac_cv_env_CPPFLAGS_set=
ac_cv_env_CPPFLAGS_value=
ac_cv_env_CPP_set=
ac_cv_env_CPP_value=
ac_cv_env_LDFLAGS_set=
ac_cv_env_LDFLAGS_value=
ac_cv_env_build_alias_set=
ac_cv_env_build_alias_value=
ac_cv_env_host_alias_set=
ac_cv_env_host_alias_value=
ac_cv_env_target_alias_set=
ac_cv_env_target_alias_value=
ac_cv_exeext=
ac_cv_func_alloca_works=yes
ac_cv_func_closedir_void=no
ac_cv_func_setenv=yes
ac_cv_header_alloca_h=yes
ac_cv_header_dirent_dirent_h=yes
ac_cv_header_dirent_h=yes
ac_cv_header_fcntl_h=yes
ac_cv_header_inttypes_h=yes
ac_cv_header_locale_h=yes
ac_cv_header_memory_h=yes
ac_cv_header_ndir_h=no
ac_cv_header_stdc=yes
ac_cv_header_stdint_h=yes
ac_cv_header_stdlib_h=yes
ac_cv_header_string_h=yes
ac_cv_header_strings_h=yes
ac_cv_header_sys_mkdev_h=no
ac_cv_header_sys_ndir_h=no
ac_cv_header_sys_param_h=yes
ac_cv_header_sys_stat_h=yes
ac_cv_header_sys_sysmacros_h=yes
ac_cv_header_sys_time_h=yes
ac_cv_header_sys_types_h=yes
ac_cv_header_sys_types_h_makedev=yes
ac_cv_header_time=yes
ac_cv_header_time_h=yes
ac_cv_header_unistd_h=yes
ac_cv_header_utime_h=yes
ac_cv_host=i686-pc-linux-gnu
ac_cv_host_alias=i686-pc-linux-gnu
ac_cv_member_struct_stat_st_blocks=yes
ac_cv_objext=o
ac_cv_path_RPROG=/usr/bin/R
ac_cv_path_install='/usr/bin/install -c'
ac_cv_prog_CPP='gcc -E'
ac_cv_prog_ac_ct_CC=gcc
ac_cv_prog_cc_g=yes
ac_cv_prog_cc_stdc=
ac_cv_prog_egrep='grep -E'
ac_cv_prog_make_make_set=yes
ac_cv_search_opendir='none required'
ac_cv_struct_tm=time.h
ac_cv_working_alloca_h=yes
fu_cv_sys_struct_utimbuf=yes

## ----------------- ##
## Output variables. ##
## ----------------- ##

ACLOCAL='aclocal'
ALLOCA=''
AUTOCONF='autoconf'
AUTOHEADER='autoheader'
AUTOMAKE='automake'
CC='gcc'
CFLAGS='-g -O2'
CPP='gcc -E'
CPPFLAGS=''
DEFS='-DHAVE_CONFIG_H'
ECHO_C=''
ECHO_N='-n'
ECHO_T=''
EGREP='grep -E'
EXEEXT=''
INSTALL_DATA='${INSTALL} -m 644'
INSTALL_PROGRAM='${INSTALL}'
INSTALL_SCRIPT='${INSTALL}'
ISODATE='2006-09-05'
LDFLAGS=''
LIBOBJS=''
LIBS=''
LTLIBOBJS=''
MAKEINFO='makeinfo'
OBJEXT='o'
PACKAGE='rinterp'
PACKAGE_BUGREPORT=''
PACKAGE_NAME=''
PACKAGE_STRING=''
PACKAGE_TARNAME=''
PACKAGE_VERSION=''
PATH_SEPARATOR=':'
RHOME='/usr/lib/R'
RPROG='/usr/bin/R'
SET_MAKE=''
SHELL='/bin/sh'
VERSION='0.1.0'
ac_ct_CC='gcc'
bindir='${exec_prefix}/bin'
build='i686-pc-linux-gnu'
build_alias=''
build_cpu='i686'
build_os='linux-gnu'
build_vendor='pc'
datadir='${prefix}/share'
exec_prefix='${prefix}'
host='i686-pc-linux-gnu'
host_alias=''
host_cpu='i686'
host_os='linux-gnu'
host_vendor='pc'
includedir='${prefix}/include'
infodir='${prefix}/info'
libdir='${exec_prefix}/lib'
libexecdir='${exec_prefix}/libexec'
localstatedir='${prefix}/var'
mandir='${prefix}/man'
oldincludedir='/usr/include'
prefix='/usr/local'
program_transform_name='s,x,x,'
sbindir='${exec_prefix}/sbin'
sharedstatedir='${prefix}/com'
sysconfdir='${prefix}/etc'
target_alias=''

## ----------- ##
## confdefs.h. ##
## ----------- ##

#define HAVE_ALLOCA 1
#define HAVE_ALLOCA_H 1
#define HAVE_ALLOCA_H 1
#define HAVE_DIRENT_H 1
#define HAVE_DIRENT_H 1
#define HAVE_FCNTL_H 1
#define HAVE_INTTYPES_H 1
#define HAVE_LOCALE_H 1
#define HAVE_MEMORY_H 1
#define HAVE_MEMORY_H 1
#define HAVE_SETENV 1
#define HAVE_STDINT_H 1
#define HAVE_STDLIB_H 1
#define HAVE_STRINGS_H 1
#define HAVE_STRING_H 1
#define HAVE_STRING_H 1
#define HAVE_STRUCT_STAT_ST_BLOCKS 1
#define HAVE_STRUCT_UTIMBUF 1
#define HAVE_ST_BLOCKS 1
#define HAVE_SYS_PARAM_H 1
#define HAVE_SYS_STAT_H 1
#define HAVE_SYS_SYSMACROS_H 1
#define HAVE_SYS_TIME_H 1
#define HAVE_SYS_TYPES_H 1
#define HAVE_TIME_H 1
#define HAVE_UNISTD_H 1
#define HAVE_UNISTD_H 1
#define HAVE_UTIME_H 1
#define PACKAGE "rinterp"
#define PACKAGE_BUGREPORT ""
#define PACKAGE_NAME ""
#define PACKAGE_STRING ""
#define PACKAGE_TARNAME ""
#define PACKAGE_VERSION ""
#define STDC_HEADERS 1
#define TIME_WITH_SYS_TIME 1
#define VERSION "0.1.0"

configure: exit 0
